<?xml version="1.0" encoding="UTF-8"?>
<!-- Generated by org.testng.reporters.JUnitReportReporter -->
<testsuite hostname="Aswinikumars-MacBook-Pro.local" name="com.twc.ios.app.testcases.AndroidUSACCPAPrivacyTest" tests="97" failures="1" timestamp="10 Nov 2022 15:23:04 GMT" time="3521.515" errors="0">
  <testcase name="validate_NextGen_IM_call_rdp_val_privacy_optout_for_USACCPA_To_LATAMCO_Travel_Scenario" time="0.021" classname="com.twc.ios.app.testcases.AndroidUSACCPAPrivacyTest"/>
  <testcase name="validate_PrerollVideo_call_rdp_val_privacy_optout_for_USACCPA_To_LATAMCO_Travel_Scenario" time="240.220" classname="com.twc.ios.app.testcases.AndroidUSACCPAPrivacyTest"/>
  <testcase name="validate_Video_call_npa_val_privacy_optout_for_USACCPA_To_LGPD_Travel_Scenario" time="0.167" classname="com.twc.ios.app.testcases.AndroidUSACCPAPrivacyTest"/>
  <testcase name="validate_NextGen_IM_Adcall_sod_val_privacy_optout_for_USACCPA" time="0.050" classname="com.twc.ios.app.testcases.AndroidUSACCPAPrivacyTest"/>
  <testcase name="Verify_Criteo_SDK_config_app_Call_privacy_optin_for_USACCPA" time="0.041" classname="com.twc.ios.app.testcases.AndroidUSACCPAPrivacyTest"/>
  <testcase name="verify_PrerollAd_call_sod_val_privacy_optout_for_USACCPA_To_USA_Travel_Scenario" time="0.214" classname="com.twc.ios.app.testcases.AndroidUSACCPAPrivacyTest"/>
  <testcase name="validate_NextGen_IM_call_npa_val_privacy_optout_for_USACCPA_To_GDPR_Travel_Scenario" time="0.020" classname="com.twc.ios.app.testcases.AndroidUSACCPAPrivacyTest"/>
  <testcase name="Verify_Criteo_SDK_inapp_v2_Call_privacy_optout_for_USACCPA_To_SERBIA_Travel_Scenario" time="0.027" classname="com.twc.ios.app.testcases.AndroidUSACCPAPrivacyTest"/>
  <testcase name="validate_NextGen_IM_Adcall_sod_val_privacy_optout_for_USACCPA_To_LGPD_Travel_Scenario" time="0.036" classname="com.twc.ios.app.testcases.AndroidUSACCPAPrivacyTest"/>
  <testcase name="validate_PrerollVideo_call_rdp_val_privacy_optout_for_USACCPA" time="240.259" classname="com.twc.ios.app.testcases.AndroidUSACCPAPrivacyTest"/>
  <testcase name="Verify_Amazon_Call_privacy_optout_for_USACCPA" time="0.050" classname="com.twc.ios.app.testcases.AndroidUSACCPAPrivacyTest"/>
  <testcase name="validate_PrerollVideo_call_rdp_val_privacy_optout_for_USACCPA_To_LGPD_Travel_Scenario" time="240.190" classname="com.twc.ios.app.testcases.AndroidUSACCPAPrivacyTest"/>
  <testcase name="enable_PreConfiguration_for_USACCPA_To_SERBIA_Travel_Scenario" time="64.011" classname="com.twc.ios.app.testcases.AndroidUSACCPAPrivacyTest"/>
  <testcase name="Verify_Lotame_Call_privacy_optout_for_USACCPA_To_USA_Travel_Scenario" time="0.049" classname="com.twc.ios.app.testcases.AndroidUSACCPAPrivacyTest"/>
  <testcase name="verify_PrerollAd_call_sod_val_privacy_optout_for_USACCPA_To_GDPR_Travel_Scenario" time="0.293" classname="com.twc.ios.app.testcases.AndroidUSACCPAPrivacyTest"/>
  <testcase name="derive_VideoCall_IU_when_Privacy_optout_for_USACCPA" time="90.080" classname="com.twc.ios.app.testcases.AndroidUSACCPAPrivacyTest"/>
  <testcase name="navigate_To_Feed_Cards_when_Privacy_optout_for_USACCPA_To_USA_Travel_Scenario" time="67.188" classname="com.twc.ios.app.testcases.AndroidUSACCPAPrivacyTest"/>
  <testcase name="Verify_LocationWFXTriggers_Call_privacy_optout_for_USACCPA_To_LATAMCO_Travel_Scenario" time="0.020" classname="com.twc.ios.app.testcases.AndroidUSACCPAPrivacyTest"/>
  <testcase name="validate_NextGen_IM_call_rdp_val_privacy_optout_for_USACCPA_To_SERBIA_Travel_Scenario" time="0.028" classname="com.twc.ios.app.testcases.AndroidUSACCPAPrivacyTest"/>
  <testcase name="navigate_To_Feed_Cards_when_Privacy_optin_for_USACCPA" time="97.107" classname="com.twc.ios.app.testcases.AndroidUSACCPAPrivacyTest"/>
  <testcase name="derive_VideoCall_IU_when_Privacy_optout_for_USACCPA_To_LGPD_Travel_Scenario" time="91.074" classname="com.twc.ios.app.testcases.AndroidUSACCPAPrivacyTest"/>
  <testcase name="Verify_Amazon_Call_privacy_optout_for_USACCPA_To_LATAMCO_Travel_Scenario" time="0.020" classname="com.twc.ios.app.testcases.AndroidUSACCPAPrivacyTest"/>
  <testcase name="Verify_Lotame_Call_privacy_optout_for_USACCPA_To_GDPR_Travel_Scenario" time="0.021" classname="com.twc.ios.app.testcases.AndroidUSACCPAPrivacyTest"/>
  <testcase name="navigate_To_Feed_Cards_when_Privacy_optout_for_USACCPA_To_LGPD_Travel_Scenario" time="66.769" classname="com.twc.ios.app.testcases.AndroidUSACCPAPrivacyTest"/>
  <testcase name="Verify_LocationWFXTriggers_Call_privacy_optout_for_USACCPA_To_SERBIA_Travel_Scenario" time="0.029" classname="com.twc.ios.app.testcases.AndroidUSACCPAPrivacyTest"/>
  <testcase name="validate_NextGen_IM_call_rdp_val_privacy_optout_for_USACCPA_To_LGPD_Travel_Scenario" time="0.030" classname="com.twc.ios.app.testcases.AndroidUSACCPAPrivacyTest"/>
  <testcase name="enable_PreConfiguration_for_USACCPA_To_LGPD_Travel_Scenario" time="140.672" classname="com.twc.ios.app.testcases.AndroidUSACCPAPrivacyTest"/>
  <testcase name="Verify_Lotame_Call_privacy_optout_for_USACCPA_To_LGPD_Travel_Scenario" time="0.036" classname="com.twc.ios.app.testcases.AndroidUSACCPAPrivacyTest"/>
  <testcase name="Verify_Lotame_Call_privacy_optout_for_USACCPA_To_SERBIA_Travel_Scenario" time="0.028" classname="com.twc.ios.app.testcases.AndroidUSACCPAPrivacyTest"/>
  <testcase name="Verify_Amazon_Call_privacy_optout_for_USACCPA_To_LGPD_Travel_Scenario" time="0.030" classname="com.twc.ios.app.testcases.AndroidUSACCPAPrivacyTest"/>
  <testcase name="validate_NextGen_IM_Adcall_sod_val_privacy_optout_for_USACCPA_To_SERBIA_Travel_Scenario" time="0.173" classname="com.twc.ios.app.testcases.AndroidUSACCPAPrivacyTest"/>
  <testcase name="validate_NextGen_IM_Adcall_sod_val_privacy_optout_for_USACCPA_To_GDPR_Travel_Scenario" time="0.023" classname="com.twc.ios.app.testcases.AndroidUSACCPAPrivacyTest"/>
  <testcase name="derive_VideoCall_IU_when_Privacy_optout_for_USACCPA_To_LATAMCO_Travel_Scenario" time="89.772" classname="com.twc.ios.app.testcases.AndroidUSACCPAPrivacyTest"/>
  <testcase name="derive_VideoCall_IU_when_Privacy_optout_for_USACCPA_To_USA_Travel_Scenario" time="90.991" classname="com.twc.ios.app.testcases.AndroidUSACCPAPrivacyTest"/>
  <testcase name="derive_VideoCall_IU_when_Privacy_optin_for_USACCPA" time="79.163" classname="com.twc.ios.app.testcases.AndroidUSACCPAPrivacyTest"/>
  <testcase name="Verify_Lotame_call_privacy_optin_for_USACCPA" time="0.045" classname="com.twc.ios.app.testcases.AndroidUSACCPAPrivacyTest"/>
  <testcase name="navigate_To_Feed_Cards_when_Privacy_optout_for_USACCPA" time="66.895" classname="com.twc.ios.app.testcases.AndroidUSACCPAPrivacyTest"/>
  <testcase name="Verify_Criteo_SDK_inapp_v2_Call_privacy_optout_for_USACCPA" time="0.052" classname="com.twc.ios.app.testcases.AndroidUSACCPAPrivacyTest"/>
  <testcase name="Verify_Lotame_Call_privacy_optout_for_USACCPA_To_LATAMCO_Travel_Scenario" time="0.022" classname="com.twc.ios.app.testcases.AndroidUSACCPAPrivacyTest"/>
  <testcase name="Verify_Criteo_SDK_config_app_Call_privacy_optout_for_USACCPA_To_GDPR_Travel_Scenario" time="0.020" classname="com.twc.ios.app.testcases.AndroidUSACCPAPrivacyTest"/>
  <testcase name="verify_Daily_details_call_sod_val_privacy_optout_for_USACCPA" time="0.049" classname="com.twc.ios.app.testcases.AndroidUSACCPAPrivacyTest"/>
  <testcase name="Verify_Amazon_Call_privacy_optout_for_USACCPA_To_SERBIA_Travel_Scenario" time="0.028" classname="com.twc.ios.app.testcases.AndroidUSACCPAPrivacyTest"/>
  <testcase name="Verify_Criteo_SDK_inapp_v2_Call_privacy_optout_for_USACCPA_To_USA_Travel_Scenario" time="0.047" classname="com.twc.ios.app.testcases.AndroidUSACCPAPrivacyTest"/>
  <testcase name="enable_PreConfiguration_for_USACCPA_To_GDPR_Travel_Scenario" time="62.671" classname="com.twc.ios.app.testcases.AndroidUSACCPAPrivacyTest"/>
  <testcase name="Verify_Criteo_SDK_inapp_v2_Call_privacy_optin_for_USACCPA" time="0.042" classname="com.twc.ios.app.testcases.AndroidUSACCPAPrivacyTest"/>
  <testcase name="Verify_Criteo_SDK_config_app_Call_privacy_optout_for_USACCPA_To_LATAMCO_Travel_Scenario" time="0.022" classname="com.twc.ios.app.testcases.AndroidUSACCPAPrivacyTest"/>
  <testcase name="navigate_To_Feed_Cards_when_Privacy_optout_for_USACCPA_To_GDPR_Travel_Scenario" time="66.623" classname="com.twc.ios.app.testcases.AndroidUSACCPAPrivacyTest"/>
  <testcase name="verify_PrerollAd_call_sod_val_privacy_optin_for_USACCPA" time="0.178" classname="com.twc.ios.app.testcases.AndroidUSACCPAPrivacyTest"/>
  <testcase name="Verify_LocationWFXTriggers_Call_privacy_optout_for_USACCPA_To_GDPR_Travel_Scenario" time="0.021" classname="com.twc.ios.app.testcases.AndroidUSACCPAPrivacyTest"/>
  <testcase name="derive_VideoCall_IU_when_Privacy_optout_for_USACCPA_To_SERBIA_Travel_Scenario" time="89.682" classname="com.twc.ios.app.testcases.AndroidUSACCPAPrivacyTest"/>
  <testcase name="validate_NextGen_IM_call_rdp_val_privacy_optout_for_USACCPA_To_GDPR_Travel_Scenario" time="0.021" classname="com.twc.ios.app.testcases.AndroidUSACCPAPrivacyTest"/>
  <testcase name="navigate_To_Feed_Cards_when_Privacy_optout_for_USACCPA_To_LATAMCO_Travel_Scenario" time="67.547" classname="com.twc.ios.app.testcases.AndroidUSACCPAPrivacyTest"/>
  <testcase name="Verify_Criteo_SDK_inapp_v2_Call_privacy_optout_for_USACCPA_To_GDPR_Travel_Scenario" time="0.022" classname="com.twc.ios.app.testcases.AndroidUSACCPAPrivacyTest"/>
  <testcase name="verify_PrerollAd_call_sod_val_privacy_optout_for_USACCPA_To_LATAMCO_Travel_Scenario" time="0.211" classname="com.twc.ios.app.testcases.AndroidUSACCPAPrivacyTest"/>
  <testcase name="verify_PrerollAd_call_sod_val_privacy_optout_for_USACCPA_To_LGPD_Travel_Scenario" time="0.289" classname="com.twc.ios.app.testcases.AndroidUSACCPAPrivacyTest"/>
  <testcase name="Verify_Lotame_Call_privacy_optout_for_USACCPA" time="0.052" classname="com.twc.ios.app.testcases.AndroidUSACCPAPrivacyTest">
    <failure type="java.lang.AssertionError" message="Lotame :API Call is not expected to present but it exists">
      <![CDATA[java.lang.AssertionError: Lotame :API Call is not expected to present but it exists
	at org.testng.Assert.fail(Assert.java:94)
	at com.twc.ios.app.general.Utils.verifyAPICal(Utils.java:1674)
	at com.twc.ios.app.testcases.AndroidUSACCPAPrivacyTest.Verify_Lotame_Call_privacy_optout_for_USACCPA(AndroidUSACCPAPrivacyTest.java:541)
	at sun.reflect.NativeMethodAccessorImpl.invoke0(Native Method)
	at sun.reflect.NativeMethodAccessorImpl.invoke(NativeMethodAccessorImpl.java:62)
	at sun.reflect.DelegatingMethodAccessorImpl.invoke(DelegatingMethodAccessorImpl.java:43)
	at java.lang.reflect.Method.invoke(Method.java:498)
	at org.testng.internal.MethodInvocationHelper.invokeMethod(MethodInvocationHelper.java:86)
	at org.testng.internal.Invoker.invokeMethod(Invoker.java:643)
	at org.testng.internal.Invoker.invokeTestMethod(Invoker.java:820)
	at org.testng.internal.Invoker.invokeTestMethods(Invoker.java:1128)
	at org.testng.internal.TestMethodWorker.invokeTestMethods(TestMethodWorker.java:129)
	at org.testng.internal.TestMethodWorker.run(TestMethodWorker.java:112)
	at org.testng.TestRunner.privateRun(TestRunner.java:782)
	at org.testng.TestRunner.run(TestRunner.java:632)
	at org.testng.SuiteRunner.runTest(SuiteRunner.java:366)
	at org.testng.SuiteRunner.runSequentially(SuiteRunner.java:361)
	at org.testng.SuiteRunner.privateRun(SuiteRunner.java:319)
	at org.testng.SuiteRunner.run(SuiteRunner.java:268)
	at org.testng.SuiteRunnerWorker.runSuite(SuiteRunnerWorker.java:52)
	at org.testng.SuiteRunnerWorker.run(SuiteRunnerWorker.java:86)
	at org.testng.TestNG.runSuitesSequentially(TestNG.java:1244)
	at org.testng.TestNG.runSuitesLocally(TestNG.java:1169)
	at org.testng.TestNG.run(TestNG.java:1064)
	at org.testng.remote.AbstractRemoteTestNG.run(AbstractRemoteTestNG.java:115)
	at org.testng.remote.RemoteTestNG.initAndRun(RemoteTestNG.java:251)
	at org.testng.remote.RemoteTestNG.main(RemoteTestNG.java:77)
]]>
    </failure>
  </testcase> <!-- Verify_Lotame_Call_privacy_optout_for_USACCPA -->
  <testcase name="Verify_Amazon_Call_for_USACCPA" time="0.050" classname="com.twc.ios.app.testcases.AndroidUSACCPAPrivacyTest"/>
  <testcase name="validate_PrerollVideo_call_rdp_val_privacy_optout_for_USACCPA_To_GDPR_Travel_Scenario" time="240.189" classname="com.twc.ios.app.testcases.AndroidUSACCPAPrivacyTest"/>
  <testcase name="validate_NextGen_IM_call_rdp_val_privacy_optout_for_USACCPA_To_USA_Travel_Scenario" time="0.048" classname="com.twc.ios.app.testcases.AndroidUSACCPAPrivacyTest"/>
  <testcase name="Verify_Criteo_SDK_inapp_v2_Call_privacy_optout_for_USACCPA_To_LATAMCO_Travel_Scenario" time="0.021" classname="com.twc.ios.app.testcases.AndroidUSACCPAPrivacyTest"/>
  <testcase name="Verify_WFXTriggers_Call_privacy_optin_for_USACCPA" time="0.040" classname="com.twc.ios.app.testcases.AndroidUSACCPAPrivacyTest"/>
  <testcase name="verify_enabling_Privacy_optout_for_USACCPA" time="245.336" classname="com.twc.ios.app.testcases.AndroidUSACCPAPrivacyTest"/>
  <testcase name="derive_VideoCall_IU_when_Privacy_optout_for_USACCPA_To_GDPR_Travel_Scenario" time="90.448" classname="com.twc.ios.app.testcases.AndroidUSACCPAPrivacyTest"/>
  <testcase name="validate_Video_call_npa_val_privacy_optout_for_USACCPA_To_LATAMCO_Travel_Scenario" time="0.215" classname="com.twc.ios.app.testcases.AndroidUSACCPAPrivacyTest"/>
  <testcase name="Verify_Amazon_Call_privacy_optout_for_USACCPA_To_USA_Travel_Scenario" time="0.057" classname="com.twc.ios.app.testcases.AndroidUSACCPAPrivacyTest"/>
  <testcase name="validate_NextGen_IM_Adcall_sod_val_privacy_optout_for_USACCPA_To_USA_Travel_Scenario" time="0.202" classname="com.twc.ios.app.testcases.AndroidUSACCPAPrivacyTest"/>
  <testcase name="Verify_Criteo_SDK_config_app_Call_privacy_optout_for_USACCPA_To_SERBIA_Travel_Scenario" time="0.028" classname="com.twc.ios.app.testcases.AndroidUSACCPAPrivacyTest"/>
  <testcase name="validate_NextGen_IM_Adcall_sod_val_privacy_optout_for_USACCPA_To_LATAMCO_Travel_Scenario" time="0.162" classname="com.twc.ios.app.testcases.AndroidUSACCPAPrivacyTest"/>
  <testcase name="validate_NextGen_IM_call_npa_val_privacy_optout_for_USACCPA_To_LATAMCO_Travel_Scenario" time="0.023" classname="com.twc.ios.app.testcases.AndroidUSACCPAPrivacyTest"/>
  <testcase name="navigate_To_Feed_Cards_when_Privacy_optout_for_USACCPA_To_SERBIA_Travel_Scenario" time="65.727" classname="com.twc.ios.app.testcases.AndroidUSACCPAPrivacyTest"/>
  <testcase name="enable_PreConfiguration_for_USACCPA_To_USA_Travel_Scenario" time="74.237" classname="com.twc.ios.app.testcases.AndroidUSACCPAPrivacyTest"/>
  <testcase name="validate_NextGen_IM_call_npa_val_privacy_optout_for_USACCPA_To_LGPD_Travel_Scenario" time="0.036" classname="com.twc.ios.app.testcases.AndroidUSACCPAPrivacyTest"/>
  <testcase name="verify_Daily_details_call_sod_val_privacy_optin_for_USACCPA" time="0.069" classname="com.twc.ios.app.testcases.AndroidUSACCPAPrivacyTest"/>
  <testcase name="validate_NextGen_IM_Adcall_sod_val_privacy_optin_for_USACCPA" time="0.073" classname="com.twc.ios.app.testcases.AndroidUSACCPAPrivacyTest"/>
  <testcase name="verify_enabling_Privacy_optin_for_USACCPA" time="259.419" classname="com.twc.ios.app.testcases.AndroidUSACCPAPrivacyTest"/>
  <testcase name="verify_PrerollAd_call_sod_val_privacy_optout_for_USACCPA" time="0.323" classname="com.twc.ios.app.testcases.AndroidUSACCPAPrivacyTest"/>
  <testcase name="validate_PrerollVideo_call_rdp_val_privacy_optout_for_USACCPA_To_SERBIA_Travel_Scenario" time="240.223" classname="com.twc.ios.app.testcases.AndroidUSACCPAPrivacyTest"/>
  <testcase name="Verify_Criteo_SDK_inapp_v2_Call_privacy_optout_for_USACCPA_To_LGPD_Travel_Scenario" time="0.033" classname="com.twc.ios.app.testcases.AndroidUSACCPAPrivacyTest"/>
  <testcase name="Verify_Criteo_SDK_config_app_Call_privacy_optout_for_USACCPA_To_LGPD_Travel_Scenario" time="0.031" classname="com.twc.ios.app.testcases.AndroidUSACCPAPrivacyTest"/>
  <testcase name="Verify_Amazon_Call_privacy_optout_for_USACCPA_To_GDPR_Travel_Scenario" time="0.023" classname="com.twc.ios.app.testcases.AndroidUSACCPAPrivacyTest"/>
  <testcase name="validate_Video_call_npa_val_privacy_optout_for_USACCPA_To_SERBIA_Travel_Scenario" time="0.222" classname="com.twc.ios.app.testcases.AndroidUSACCPAPrivacyTest"/>
  <testcase name="Verify_LocationWFXTriggers_Call_privacy_optout_for_USACCPA_To_LGPD_Travel_Scenario" time="0.034" classname="com.twc.ios.app.testcases.AndroidUSACCPAPrivacyTest"/>
  <testcase name="Verify_WFXTriggers_Call_privacy_optout_for_USACCPA" time="0.049" classname="com.twc.ios.app.testcases.AndroidUSACCPAPrivacyTest"/>
  <testcase name="validate_PrerollVideo_call_rdp_val_privacy_optout_for_USACCPA_To_USA_Travel_Scenario" time="0.210" classname="com.twc.ios.app.testcases.AndroidUSACCPAPrivacyTest"/>
  <testcase name="preConditionsTest_for_USACCPA" time="283.472" classname="com.twc.ios.app.testcases.AndroidUSACCPAPrivacyTest"/>
  <testcase name="Verify_LocationWFXTriggers_Call_privacy_optout_for_USACCPA" time="0.053" classname="com.twc.ios.app.testcases.AndroidUSACCPAPrivacyTest"/>
  <testcase name="validate_Video_call_npa_val_privacy_optout_for_USACCPA_To_GDPR_Travel_Scenario" time="0.163" classname="com.twc.ios.app.testcases.AndroidUSACCPAPrivacyTest"/>
  <testcase name="validate_NextGen_IM_call_npa_val_privacy_optout_for_USACCPA_To_SERBIA_Travel_Scenario" time="0.029" classname="com.twc.ios.app.testcases.AndroidUSACCPAPrivacyTest"/>
  <testcase name="validate_NextGen_IM_call_rdp_val_privacy_optout_for_USACCPA" time="0.052" classname="com.twc.ios.app.testcases.AndroidUSACCPAPrivacyTest"/>
  <testcase name="Verify_Criteo_SDK_config_app_Call_privacy_optout_for_USACCPA" time="0.048" classname="com.twc.ios.app.testcases.AndroidUSACCPAPrivacyTest"/>
  <testcase name="Verify_LocationWFXTriggers_Call_privacy_optout_for_USACCPA_To_USA_Travel_Scenario" time="0.048" classname="com.twc.ios.app.testcases.AndroidUSACCPAPrivacyTest"/>
  <testcase name="Verify_LocationWFXTriggers_Call_privacy_optin_for_USACCPA" time="0.041" classname="com.twc.ios.app.testcases.AndroidUSACCPAPrivacyTest"/>
  <testcase name="enable_PreConfiguration_for_USACCPA_To_LATAMCO_Travel_Scenario" time="66.332" classname="com.twc.ios.app.testcases.AndroidUSACCPAPrivacyTest"/>
  <testcase name="validate_NextGen_IM_call_rdp_val_privacy_optin_for_USACCPA" time="0.044" classname="com.twc.ios.app.testcases.AndroidUSACCPAPrivacyTest"/>
  <testcase name="validate_PrerollVideo_call_rdp_val_privacy_optin_for_USACCPA" time="0.009" classname="com.twc.ios.app.testcases.AndroidUSACCPAPrivacyTest"/>
  <testcase name="Verify_Criteo_SDK_config_app_Call_privacy_optout_for_USACCPA_To_USA_Travel_Scenario" time="0.050" classname="com.twc.ios.app.testcases.AndroidUSACCPAPrivacyTest"/>
  <testcase name="verify_PrerollAd_call_sod_val_privacy_optout_for_USACCPA_To_SERBIA_Travel_Scenario" time="0.205" classname="com.twc.ios.app.testcases.AndroidUSACCPAPrivacyTest"/>
</testsuite> <!-- com.twc.ios.app.testcases.AndroidUSACCPAPrivacyTest -->
