<?xml version="1.0" encoding="UTF-8"?>
<!-- Generated by org.testng.reporters.JUnitReportReporter -->
<testsuite hostname="Aswinikumars-MacBook-Pro.local" name="com.twc.ios.app.testcases.AndroidSmokeTest" tests="2" failures="0" timestamp="13 Nov 2022 06:51:49 GMT" time="1.609" errors="0">
  <testcase name="Validate_Amazon_SDK_adsdk_parameter" time="1.436" classname="com.twc.ios.app.testcases.AndroidSmokeTest"/>
  <testcase name="Validate_GMA_SDK_version" time="0.173" classname="com.twc.ios.app.testcases.AndroidSmokeTest"/>
</testsuite> <!-- com.twc.ios.app.testcases.AndroidSmokeTest -->
