<?xml version="1.0" encoding="UTF-8"?>
<!-- Generated by org.testng.reporters.JUnitReportReporter -->
<testsuite hostname="Aswinikumars-MacBook-Pro.local" name="com.twc.ios.app.testcases.AndroidUSAPrivacyTest" tests="97" failures="2" timestamp="10 Nov 2022 16:36:50 GMT" time="3540.965" errors="0">
  <testcase name="Verify_LocationWFXTriggers_Call_privacy_optout_for_USA_To_LATAMCO_Travel_Scenario" time="0.030" classname="com.twc.ios.app.testcases.AndroidUSAPrivacyTest"/>
  <testcase name="verify_enabling_Privacy_optin_for_USA" time="271.759" classname="com.twc.ios.app.testcases.AndroidUSAPrivacyTest"/>
  <testcase name="verify_PrerollAd_call_sod_val_privacy_optout_for_USA_To_LGPD_Travel_Scenario" time="0.399" classname="com.twc.ios.app.testcases.AndroidUSAPrivacyTest"/>
  <testcase name="validate_NextGen_IM_Adcall_sod_val_privacy_optout_for_USA_To_USACCPA_Travel_Scenario" time="0.049" classname="com.twc.ios.app.testcases.AndroidUSAPrivacyTest"/>
  <testcase name="Verify_LocationWFXTriggers_Call_privacy_optout_for_USA_To_LGPD_Travel_Scenario" time="0.031" classname="com.twc.ios.app.testcases.AndroidUSAPrivacyTest"/>
  <testcase name="navigate_To_Feed_Cards_when_Privacy_optout_for_USA_To_GDPR_Travel_Scenario" time="65.896" classname="com.twc.ios.app.testcases.AndroidUSAPrivacyTest"/>
  <testcase name="Verify_Amazon_Call_privacy_optout_for_USA_To_SERBIA_Travel_Scenario" time="0.022" classname="com.twc.ios.app.testcases.AndroidUSAPrivacyTest"/>
  <testcase name="Verify_Criteo_SDK_inapp_v2_Call_privacy_optout_for_USA_To_GDPR_Travel_Scenario" time="0.031" classname="com.twc.ios.app.testcases.AndroidUSAPrivacyTest"/>
  <testcase name="verify_PrerollAd_call_sod_val_privacy_optout_for_USA_To_LATAMCO_Travel_Scenario" time="0.235" classname="com.twc.ios.app.testcases.AndroidUSAPrivacyTest"/>
  <testcase name="navigate_To_Feed_Cards_when_Privacy_optout_for_USA_To_SERBIA_Travel_Scenario" time="66.151" classname="com.twc.ios.app.testcases.AndroidUSAPrivacyTest"/>
  <testcase name="verify_enabling_Privacy_optout_for_USA" time="256.036" classname="com.twc.ios.app.testcases.AndroidUSAPrivacyTest"/>
  <testcase name="validate_NextGen_IM_call_rdp_val_privacy_optin_for_USA" time="0.052" classname="com.twc.ios.app.testcases.AndroidUSAPrivacyTest"/>
  <testcase name="verify_Daily_details_call_sod_val_privacy_optout_for_USA" time="0.058" classname="com.twc.ios.app.testcases.AndroidUSAPrivacyTest"/>
  <testcase name="enable_PreConfiguration_for_USA_To_USACCPA_Travel_Scenario" time="71.110" classname="com.twc.ios.app.testcases.AndroidUSAPrivacyTest"/>
  <testcase name="validate_NextGen_IM_call_rdp_val_privacy_optout_for_USA_To_LGPD_Travel_Scenario" time="0.032" classname="com.twc.ios.app.testcases.AndroidUSAPrivacyTest"/>
  <testcase name="derive_VideoCall_IU_when_Privacy_optout_for_USA_To_GDPR_Travel_Scenario" time="90.361" classname="com.twc.ios.app.testcases.AndroidUSAPrivacyTest"/>
  <testcase name="validate_Video_call_npa_val_privacy_optout_for_USA_To_SERBIA_Travel_Scenario" time="0.206" classname="com.twc.ios.app.testcases.AndroidUSAPrivacyTest"/>
  <testcase name="Verify_Amazon_Call_privacy_optout_for_USA_To_GDPR_Travel_Scenario" time="0.032" classname="com.twc.ios.app.testcases.AndroidUSAPrivacyTest"/>
  <testcase name="verify_PrerollAd_call_sod_val_privacy_optout_for_USA_To_USACCPA_Travel_Scenario" time="0.395" classname="com.twc.ios.app.testcases.AndroidUSAPrivacyTest"/>
  <testcase name="Verify_Criteo_SDK_config_app_Call_privacy_optout_for_USA" time="0.056" classname="com.twc.ios.app.testcases.AndroidUSAPrivacyTest"/>
  <testcase name="validate_PrerollVideo_call_rdp_val_privacy_optout_for_USA" time="240.258" classname="com.twc.ios.app.testcases.AndroidUSAPrivacyTest"/>
  <testcase name="derive_VideoCall_IU_when_Privacy_optout_for_USA_To_USACCPA_Travel_Scenario" time="92.027" classname="com.twc.ios.app.testcases.AndroidUSAPrivacyTest"/>
  <testcase name="Verify_Criteo_SDK_config_app_Call" time="0.054" classname="com.twc.ios.app.testcases.AndroidUSAPrivacyTest"/>
  <testcase name="validate_NextGen_IM_Adcall_sod_val_privacy_optout_for_USA_To_SERBIA_Travel_Scenario" time="0.225" classname="com.twc.ios.app.testcases.AndroidUSAPrivacyTest"/>
  <testcase name="Verify_Criteo_SDK_inapp_v2_Call_privacy_optout_for_USA_To_LGPD_Travel_Scenario" time="0.040" classname="com.twc.ios.app.testcases.AndroidUSAPrivacyTest"/>
  <testcase name="navigate_To_Feed_Cards_when_Privacy_optin_for_USA" time="98.131" classname="com.twc.ios.app.testcases.AndroidUSAPrivacyTest"/>
  <testcase name="validate_NextGen_IM_call_rdp_val_privacy_optout_for_USA" time="0.071" classname="com.twc.ios.app.testcases.AndroidUSAPrivacyTest"/>
  <testcase name="Verify_Criteo_SDK_config_app_Call_privacy_optout_for_USA_To_LATAMCO_Travel_Scenario" time="0.031" classname="com.twc.ios.app.testcases.AndroidUSAPrivacyTest"/>
  <testcase name="Verify_Lotame_call_privacy_optin_for_USA" time="0.064" classname="com.twc.ios.app.testcases.AndroidUSAPrivacyTest"/>
  <testcase name="validate_NextGen_IM_call_npa_val_privacy_optout_for_USA_To_LATAMCO_Travel_Scenario" time="0.029" classname="com.twc.ios.app.testcases.AndroidUSAPrivacyTest"/>
  <testcase name="validate_PrerollVideo_call_rdp_val_privacy_optin_for_USA" time="0.010" classname="com.twc.ios.app.testcases.AndroidUSAPrivacyTest"/>
  <testcase name="derive_VideoCall_IU_when_Privacy_optin_for_USA" time="79.373" classname="com.twc.ios.app.testcases.AndroidUSAPrivacyTest"/>
  <testcase name="Verify_Amazon_Call_privacy_optout_for_USA_To_LGPD_Travel_Scenario" time="0.032" classname="com.twc.ios.app.testcases.AndroidUSAPrivacyTest"/>
  <testcase name="validate_PrerollVideo_call_rdp_val_privacy_optout_for_USA_To_USACCPA_Travel_Scenario" time="0.207" classname="com.twc.ios.app.testcases.AndroidUSAPrivacyTest"/>
  <testcase name="derive_VideoCall_IU_when_Privacy_optout_for_USA_To_LGPD_Travel_Scenario" time="90.275" classname="com.twc.ios.app.testcases.AndroidUSAPrivacyTest"/>
  <testcase name="derive_VideoCall_IU_when_Privacy_optout_for_USA" time="91.404" classname="com.twc.ios.app.testcases.AndroidUSAPrivacyTest"/>
  <testcase name="validate_NextGen_IM_call_rdp_val_privacy_optout_for_USA_To_LATAMCO_Travel_Scenario" time="0.030" classname="com.twc.ios.app.testcases.AndroidUSAPrivacyTest"/>
  <testcase name="Verify_Criteo_SDK_inapp_v2_Call_privacy_optout_for_USA" time="0.060" classname="com.twc.ios.app.testcases.AndroidUSAPrivacyTest"/>
  <testcase name="Verify_Lotame_Call_privacy_optout_for_USA_To_LGPD_Travel_Scenario" time="0.033" classname="com.twc.ios.app.testcases.AndroidUSAPrivacyTest"/>
  <testcase name="Verify_LocationWFXTriggers_Call_privacy_optout_for_USA" time="0.062" classname="com.twc.ios.app.testcases.AndroidUSAPrivacyTest"/>
  <testcase name="Verify_Lotame_Call_privacy_optout_for_USA_To_USACCPA_Travel_Scenario" time="0.052" classname="com.twc.ios.app.testcases.AndroidUSAPrivacyTest">
    <failure type="java.lang.AssertionError" message="Lotame :API Call is not expected to present but it exists">
      <![CDATA[java.lang.AssertionError: Lotame :API Call is not expected to present but it exists
	at org.testng.Assert.fail(Assert.java:94)
	at com.twc.ios.app.general.Utils.verifyAPICal(Utils.java:1674)
	at com.twc.ios.app.testcases.AndroidUSAPrivacyTest.Verify_Lotame_Call_privacy_optout_for_USA_To_USACCPA_Travel_Scenario(AndroidUSAPrivacyTest.java:1690)
	at sun.reflect.NativeMethodAccessorImpl.invoke0(Native Method)
	at sun.reflect.NativeMethodAccessorImpl.invoke(NativeMethodAccessorImpl.java:62)
	at sun.reflect.DelegatingMethodAccessorImpl.invoke(DelegatingMethodAccessorImpl.java:43)
	at java.lang.reflect.Method.invoke(Method.java:498)
	at org.testng.internal.MethodInvocationHelper.invokeMethod(MethodInvocationHelper.java:86)
	at org.testng.internal.Invoker.invokeMethod(Invoker.java:643)
	at org.testng.internal.Invoker.invokeTestMethod(Invoker.java:820)
	at org.testng.internal.Invoker.invokeTestMethods(Invoker.java:1128)
	at org.testng.internal.TestMethodWorker.invokeTestMethods(TestMethodWorker.java:129)
	at org.testng.internal.TestMethodWorker.run(TestMethodWorker.java:112)
	at org.testng.TestRunner.privateRun(TestRunner.java:782)
	at org.testng.TestRunner.run(TestRunner.java:632)
	at org.testng.SuiteRunner.runTest(SuiteRunner.java:366)
	at org.testng.SuiteRunner.runSequentially(SuiteRunner.java:361)
	at org.testng.SuiteRunner.privateRun(SuiteRunner.java:319)
	at org.testng.SuiteRunner.run(SuiteRunner.java:268)
	at org.testng.SuiteRunnerWorker.runSuite(SuiteRunnerWorker.java:52)
	at org.testng.SuiteRunnerWorker.run(SuiteRunnerWorker.java:86)
	at org.testng.TestNG.runSuitesSequentially(TestNG.java:1244)
	at org.testng.TestNG.runSuitesLocally(TestNG.java:1169)
	at org.testng.TestNG.run(TestNG.java:1064)
	at org.testng.remote.AbstractRemoteTestNG.run(AbstractRemoteTestNG.java:115)
	at org.testng.remote.RemoteTestNG.initAndRun(RemoteTestNG.java:251)
	at org.testng.remote.RemoteTestNG.main(RemoteTestNG.java:77)
]]>
    </failure>
  </testcase> <!-- Verify_Lotame_Call_privacy_optout_for_USA_To_USACCPA_Travel_Scenario -->
  <testcase name="Verify_Criteo_SDK_config_app_Call_privacy_optout_for_USA_To_USACCPA_Travel_Scenario" time="0.051" classname="com.twc.ios.app.testcases.AndroidUSAPrivacyTest"/>
  <testcase name="verify_PrerollAd_call_sod_val_privacy_optout_for_USA_To_SERBIA_Travel_Scenario" time="0.230" classname="com.twc.ios.app.testcases.AndroidUSAPrivacyTest"/>
  <testcase name="enable_PreConfiguration_for_USA_To_LATAMCO_Travel_Scenario" time="64.297" classname="com.twc.ios.app.testcases.AndroidUSAPrivacyTest"/>
  <testcase name="validate_NextGen_IM_call_rdp_val_privacy_optout_for_USA_To_USACCPA_Travel_Scenario" time="0.048" classname="com.twc.ios.app.testcases.AndroidUSAPrivacyTest"/>
  <testcase name="verify_PrerollAd_call_sod_val_privacy_optout_for_USA_To_GDPR_Travel_Scenario" time="0.358" classname="com.twc.ios.app.testcases.AndroidUSAPrivacyTest"/>
  <testcase name="Verify_Lotame_Call_privacy_optout_for_USA" time="0.063" classname="com.twc.ios.app.testcases.AndroidUSAPrivacyTest">
    <failure type="java.lang.AssertionError" message="Lotame :API Call is not expected to present but it exists">
      <![CDATA[java.lang.AssertionError: Lotame :API Call is not expected to present but it exists
	at org.testng.Assert.fail(Assert.java:94)
	at com.twc.ios.app.general.Utils.verifyAPICal(Utils.java:1674)
	at com.twc.ios.app.testcases.AndroidUSAPrivacyTest.Verify_Lotame_Call_privacy_optout_for_USA(AndroidUSAPrivacyTest.java:539)
	at sun.reflect.NativeMethodAccessorImpl.invoke0(Native Method)
	at sun.reflect.NativeMethodAccessorImpl.invoke(NativeMethodAccessorImpl.java:62)
	at sun.reflect.DelegatingMethodAccessorImpl.invoke(DelegatingMethodAccessorImpl.java:43)
	at java.lang.reflect.Method.invoke(Method.java:498)
	at org.testng.internal.MethodInvocationHelper.invokeMethod(MethodInvocationHelper.java:86)
	at org.testng.internal.Invoker.invokeMethod(Invoker.java:643)
	at org.testng.internal.Invoker.invokeTestMethod(Invoker.java:820)
	at org.testng.internal.Invoker.invokeTestMethods(Invoker.java:1128)
	at org.testng.internal.TestMethodWorker.invokeTestMethods(TestMethodWorker.java:129)
	at org.testng.internal.TestMethodWorker.run(TestMethodWorker.java:112)
	at org.testng.TestRunner.privateRun(TestRunner.java:782)
	at org.testng.TestRunner.run(TestRunner.java:632)
	at org.testng.SuiteRunner.runTest(SuiteRunner.java:366)
	at org.testng.SuiteRunner.runSequentially(SuiteRunner.java:361)
	at org.testng.SuiteRunner.privateRun(SuiteRunner.java:319)
	at org.testng.SuiteRunner.run(SuiteRunner.java:268)
	at org.testng.SuiteRunnerWorker.runSuite(SuiteRunnerWorker.java:52)
	at org.testng.SuiteRunnerWorker.run(SuiteRunnerWorker.java:86)
	at org.testng.TestNG.runSuitesSequentially(TestNG.java:1244)
	at org.testng.TestNG.runSuitesLocally(TestNG.java:1169)
	at org.testng.TestNG.run(TestNG.java:1064)
	at org.testng.remote.AbstractRemoteTestNG.run(AbstractRemoteTestNG.java:115)
	at org.testng.remote.RemoteTestNG.initAndRun(RemoteTestNG.java:251)
	at org.testng.remote.RemoteTestNG.main(RemoteTestNG.java:77)
]]>
    </failure>
  </testcase> <!-- Verify_Lotame_Call_privacy_optout_for_USA -->
  <testcase name="validate_Video_call_npa_val_privacy_optout_for_USA_To_GDPR_Travel_Scenario" time="0.185" classname="com.twc.ios.app.testcases.AndroidUSAPrivacyTest"/>
  <testcase name="Verify_Criteo_SDK_config_app_Call_privacy_optout_for_USA_To_GDPR_Travel_Scenario" time="0.030" classname="com.twc.ios.app.testcases.AndroidUSAPrivacyTest"/>
  <testcase name="navigate_To_Feed_Cards_when_Privacy_optout_for_USA" time="66.519" classname="com.twc.ios.app.testcases.AndroidUSAPrivacyTest"/>
  <testcase name="validate_NextGen_IM_Adcall_sod_val_privacy_optout_for_USA_To_GDPR_Travel_Scenario" time="0.034" classname="com.twc.ios.app.testcases.AndroidUSAPrivacyTest"/>
  <testcase name="navigate_To_Feed_Cards_when_Privacy_optout_for_USA_To_LATAMCO_Travel_Scenario" time="66.501" classname="com.twc.ios.app.testcases.AndroidUSAPrivacyTest"/>
  <testcase name="validate_PrerollVideo_call_rdp_val_privacy_optout_for_USA_To_LATAMCO_Travel_Scenario" time="240.218" classname="com.twc.ios.app.testcases.AndroidUSAPrivacyTest"/>
  <testcase name="Verify_WFXTriggers_Call_privacy_optin_for_USA" time="0.087" classname="com.twc.ios.app.testcases.AndroidUSAPrivacyTest"/>
  <testcase name="validate_NextGen_IM_call_rdp_val_privacy_optout_for_USA_To_GDPR_Travel_Scenario" time="0.031" classname="com.twc.ios.app.testcases.AndroidUSAPrivacyTest"/>
  <testcase name="validate_NextGen_IM_Adcall_sod_val_privacy_optout_for_USA" time="0.071" classname="com.twc.ios.app.testcases.AndroidUSAPrivacyTest"/>
  <testcase name="validate_PrerollVideo_call_rdp_val_privacy_optout_for_USA_To_GDPR_Travel_Scenario" time="240.226" classname="com.twc.ios.app.testcases.AndroidUSAPrivacyTest"/>
  <testcase name="Verify_LocationWFXTriggers_Call_privacy_optout_for_USA_To_GDPR_Travel_Scenario" time="0.032" classname="com.twc.ios.app.testcases.AndroidUSAPrivacyTest"/>
  <testcase name="Verify_Lotame_Call_privacy_optout_for_USA_To_SERBIA_Travel_Scenario" time="0.023" classname="com.twc.ios.app.testcases.AndroidUSAPrivacyTest"/>
  <testcase name="preConditionsTest_for_USA" time="280.986" classname="com.twc.ios.app.testcases.AndroidUSAPrivacyTest"/>
  <testcase name="Verify_Amazon_Call_privacy_optout_for_USA_To_LATAMCO_Travel_Scenario" time="0.030" classname="com.twc.ios.app.testcases.AndroidUSAPrivacyTest"/>
  <testcase name="Verify_Criteo_SDK_inapp_v2_Call_privacy_optout_for_USA_To_LATAMCO_Travel_Scenario" time="0.031" classname="com.twc.ios.app.testcases.AndroidUSAPrivacyTest"/>
  <testcase name="Verify_Criteo_SDK_inapp_v2_Call_privacy_optout_for_USA_To_SERBIA_Travel_Scenario" time="0.022" classname="com.twc.ios.app.testcases.AndroidUSAPrivacyTest"/>
  <testcase name="validate_Video_call_npa_val_privacy_optout_for_USA_To_LGPD_Travel_Scenario" time="240.410" classname="com.twc.ios.app.testcases.AndroidUSAPrivacyTest"/>
  <testcase name="Verify_LocationWFXTriggers_Call_privacy_optout_for_USA_To_SERBIA_Travel_Scenario" time="0.022" classname="com.twc.ios.app.testcases.AndroidUSAPrivacyTest"/>
  <testcase name="derive_VideoCall_IU_when_Privacy_optout_for_USA_To_LATAMCO_Travel_Scenario" time="91.424" classname="com.twc.ios.app.testcases.AndroidUSAPrivacyTest"/>
  <testcase name="validate_Video_call_npa_val_privacy_optout_for_USA_To_LATAMCO_Travel_Scenario" time="0.210" classname="com.twc.ios.app.testcases.AndroidUSAPrivacyTest"/>
  <testcase name="validate_NextGen_IM_call_npa_val_privacy_optout_for_USA_To_LGPD_Travel_Scenario" time="0.032" classname="com.twc.ios.app.testcases.AndroidUSAPrivacyTest"/>
  <testcase name="enable_PreConfiguration_for_USA_To_LGPD_Travel_Scenario" time="139.634" classname="com.twc.ios.app.testcases.AndroidUSAPrivacyTest"/>
  <testcase name="Verify_Amazon_Call_privacy_optout_for_USA" time="0.058" classname="com.twc.ios.app.testcases.AndroidUSAPrivacyTest"/>
  <testcase name="Verify_Amazon_Call_privacy_optout_for_USA_To_USACCPA_Travel_Scenario" time="0.049" classname="com.twc.ios.app.testcases.AndroidUSAPrivacyTest"/>
  <testcase name="Verify_Amazon_Call_for_USA" time="0.067" classname="com.twc.ios.app.testcases.AndroidUSAPrivacyTest"/>
  <testcase name="Verify_Criteo_SDK_config_app_Call_privacy_optout_for_USA_To_LGPD_Travel_Scenario" time="0.032" classname="com.twc.ios.app.testcases.AndroidUSAPrivacyTest"/>
  <testcase name="validate_NextGen_IM_call_npa_val_privacy_optout_for_USA_To_SERBIA_Travel_Scenario" time="0.023" classname="com.twc.ios.app.testcases.AndroidUSAPrivacyTest"/>
  <testcase name="Verify_Lotame_Call_privacy_optout_for_USA_To_LATAMCO_Travel_Scenario" time="0.032" classname="com.twc.ios.app.testcases.AndroidUSAPrivacyTest"/>
  <testcase name="Verify_Criteo_SDK_inapp_v2_Call_privacy_optout_for_USA_To_USACCPA_Travel_Scenario" time="0.046" classname="com.twc.ios.app.testcases.AndroidUSAPrivacyTest"/>
  <testcase name="verify_PrerollAd_call_sod_val_privacy_optout_for_USA" time="0.433" classname="com.twc.ios.app.testcases.AndroidUSAPrivacyTest"/>
  <testcase name="validate_NextGen_IM_call_npa_val_privacy_optout_for_USA_To_GDPR_Travel_Scenario" time="0.032" classname="com.twc.ios.app.testcases.AndroidUSAPrivacyTest"/>
  <testcase name="validate_NextGen_IM_call_rdp_val_privacy_optout_for_USA_To_SERBIA_Travel_Scenario" time="0.023" classname="com.twc.ios.app.testcases.AndroidUSAPrivacyTest"/>
  <testcase name="validate_NextGen_IM_Adcall_sod_val_privacy_optout_for_USA_To_LATAMCO_Travel_Scenario" time="0.242" classname="com.twc.ios.app.testcases.AndroidUSAPrivacyTest"/>
  <testcase name="Verify_Criteo_SDK_inapp_v2_Call" time="0.052" classname="com.twc.ios.app.testcases.AndroidUSAPrivacyTest"/>
  <testcase name="Verify_LocationWFXTriggers_Call_privacy_optin_for_USA" time="0.066" classname="com.twc.ios.app.testcases.AndroidUSAPrivacyTest"/>
  <testcase name="navigate_To_Feed_Cards_when_Privacy_optout_for_USA_To_USACCPA_Travel_Scenario" time="66.709" classname="com.twc.ios.app.testcases.AndroidUSAPrivacyTest"/>
  <testcase name="validate_NextGen_IM_Adcall_sod_val_privacy_optin_for_USA" time="0.083" classname="com.twc.ios.app.testcases.AndroidUSAPrivacyTest"/>
  <testcase name="verify_PrerollAd_call_sod_val_privacy_optin_for_USA" time="0.149" classname="com.twc.ios.app.testcases.AndroidUSAPrivacyTest"/>
  <testcase name="Verify_LocationWFXTriggers_Call_privacy_optout_for_USA_To_USACCPA_Travel_Scenario" time="0.049" classname="com.twc.ios.app.testcases.AndroidUSAPrivacyTest"/>
  <testcase name="navigate_To_Feed_Cards_when_Privacy_optout_for_USA_To_LGPD_Travel_Scenario" time="66.561" classname="com.twc.ios.app.testcases.AndroidUSAPrivacyTest"/>
  <testcase name="Verify_Lotame_Call_privacy_optout_for_USA_To_GDPR_Travel_Scenario" time="0.045" classname="com.twc.ios.app.testcases.AndroidUSAPrivacyTest"/>
  <testcase name="verify_Daily_details_call_sod_val_privacy_optin_for_USA" time="0.101" classname="com.twc.ios.app.testcases.AndroidUSAPrivacyTest"/>
  <testcase name="Verify_Criteo_SDK_config_app_Call_privacy_optout_for_USA_To_SERBIA_Travel_Scenario" time="0.023" classname="com.twc.ios.app.testcases.AndroidUSAPrivacyTest"/>
  <testcase name="validate_PrerollVideo_call_rdp_val_privacy_optout_for_USA_To_SERBIA_Travel_Scenario" time="240.248" classname="com.twc.ios.app.testcases.AndroidUSAPrivacyTest"/>
  <testcase name="enable_PreConfiguration_for_USA_To_GDPR_Travel_Scenario" time="65.151" classname="com.twc.ios.app.testcases.AndroidUSAPrivacyTest"/>
  <testcase name="validate_PrerollVideo_call_rdp_val_privacy_optout_for_USA_To_LGPD_Travel_Scenario" time="0.242" classname="com.twc.ios.app.testcases.AndroidUSAPrivacyTest"/>
  <testcase name="validate_NextGen_IM_Adcall_sod_val_privacy_optout_for_USA_To_LGPD_Travel_Scenario" time="0.034" classname="com.twc.ios.app.testcases.AndroidUSAPrivacyTest"/>
  <testcase name="enable_PreConfiguration_for_USA_To_SERBIA_Travel_Scenario" time="62.560" classname="com.twc.ios.app.testcases.AndroidUSAPrivacyTest"/>
  <testcase name="derive_VideoCall_IU_when_Privacy_optout_for_USA_To_SERBIA_Travel_Scenario" time="90.582" classname="com.twc.ios.app.testcases.AndroidUSAPrivacyTest"/>
  <testcase name="Verify_WFXTriggers_Call_privacy_optout_for_USA" time="0.059" classname="com.twc.ios.app.testcases.AndroidUSAPrivacyTest"/>
</testsuite> <!-- com.twc.ios.app.testcases.AndroidUSAPrivacyTest -->
